<?xml version="1.0" encoding="UTF-8"?>
<testng-results ignored="0" total="1" passed="0" failed="0" skipped="1">
  <reporter-output>
  </reporter-output>
  <suite started-at="2023-06-06T14:29:38 IST" name="Default suite" finished-at="2023-06-06T14:30:09 IST" duration-ms="31127">
    <groups>
    </groups>
    <test started-at="2023-06-06T14:29:38 IST" name="Default test" finished-at="2023-06-06T14:30:09 IST" duration-ms="31127">
      <class name="com.qa.testLayer.SignInPageEnterPasswordTest">
        <test-method is-config="true" signature="startLogger()[pri:0, instance:com.qa.testLayer.SignInPageEnterPasswordTest@16ec5519]" started-at="2023-06-06T14:29:38 IST" name="startLogger" finished-at="2023-06-06T14:29:38 IST" duration-ms="143" status="PASS">
          <reporter-output>
          </reporter-output>
        </test-method> <!-- startLogger -->
        <test-method is-config="true" signature="setUp()[pri:0, instance:com.qa.testLayer.SignInPageEnterPasswordTest@16ec5519]" started-at="2023-06-06T14:29:38 IST" name="setUp" finished-at="2023-06-06T14:30:09 IST" duration-ms="30933" status="FAIL">
          <exception class="org.openqa.selenium.WebDriverException">
            <message>
              <![CDATA[unknown error: Microsoft Edge failed to start: exited normally.
  (unknown error: DevToolsActivePort file doesn't exist)
  (The process started from msedge location C:\Program Files (x86)\Microsoft\Edge\Application\msedge.exe is no longer running, so msedgedriver is assuming that msedge has crashed.)
Build info: version: '3.141.59', revision: 'e82be7d358', time: '2018-11-14T08:17:03'
System info: host: 'LAPTOP-71LTR7MS', ip: '192.168.168.137', os.name: 'Windows 11', os.arch: 'amd64', os.version: '10.0', java.version: '19.0.1'
Driver info: driver.version: EdgeDriver
remote stacktrace: Backtrace:
GetHandleVerifier [0x00007FF751644B22+67490]
Microsoft::Applications::Events::EventProperty::~EventProperty [0x00007FF7515DB292+782498]
(No symbol) [0x00007FF75137C646]
(No symbol) [0x00007FF7513AA5A1]
(No symbol) [0x00007FF7513A5941]
(No symbol) [0x00007FF7513E5A35]
(No symbol) [0x00007FF7513DDD23]
(No symbol) [0x00007FF7513B2794]
(No symbol) [0x00007FF7513B19B0]
(No symbol) [0x00007FF7513B2F04]
Microsoft::Applications::Events::ILogManager::DispatchEventBroadcast [0x00007FF751809123+1301571]
(No symbol) [0x00007FF75143B951]
Microsoft::Applications::Events::EventProperty::~EventProperty [0x00007FF7515246B1+33985]
Microsoft::Applications::Events::EventProperty::~EventProperty [0x00007FF75151CAE5+2293]
Microsoft::Applications::Events::ILogManager::DispatchEventBroadcast [0x00007FF751807E83+1296803]
Microsoft::Applications::Events::EventProperty::~EventProperty [0x00007FF7515E25D9+812009]
Microsoft::Applications::Events::EventProperty::~EventProperty [0x00007FF7515DEF54+798052]
Microsoft::Applications::Events::EventProperty::~EventProperty [0x00007FF7515DF04C+798300]
Microsoft::Applications::Events::EventProperty::~EventProperty [0x00007FF7515D5101+757521]
BaseThreadInitThunk [0x00007FFBA4CC26AD+29]
RtlUserThreadStart [0x00007FFBA5BAA9F8+40]
]]>
            </message>
            <full-stacktrace>
              <![CDATA[org.openqa.selenium.WebDriverException: unknown error: Microsoft Edge failed to start: exited normally.
  (unknown error: DevToolsActivePort file doesn't exist)
  (The process started from msedge location C:\Program Files (x86)\Microsoft\Edge\Application\msedge.exe is no longer running, so msedgedriver is assuming that msedge has crashed.)
Build info: version: '3.141.59', revision: 'e82be7d358', time: '2018-11-14T08:17:03'
System info: host: 'LAPTOP-71LTR7MS', ip: '192.168.168.137', os.name: 'Windows 11', os.arch: 'amd64', os.version: '10.0', java.version: '19.0.1'
Driver info: driver.version: EdgeDriver
remote stacktrace: Backtrace:
GetHandleVerifier [0x00007FF751644B22+67490]
Microsoft::Applications::Events::EventProperty::~EventProperty [0x00007FF7515DB292+782498]
(No symbol) [0x00007FF75137C646]
(No symbol) [0x00007FF7513AA5A1]
(No symbol) [0x00007FF7513A5941]
(No symbol) [0x00007FF7513E5A35]
(No symbol) [0x00007FF7513DDD23]
(No symbol) [0x00007FF7513B2794]
(No symbol) [0x00007FF7513B19B0]
(No symbol) [0x00007FF7513B2F04]
Microsoft::Applications::Events::ILogManager::DispatchEventBroadcast [0x00007FF751809123+1301571]
(No symbol) [0x00007FF75143B951]
Microsoft::Applications::Events::EventProperty::~EventProperty [0x00007FF7515246B1+33985]
Microsoft::Applications::Events::EventProperty::~EventProperty [0x00007FF75151CAE5+2293]
Microsoft::Applications::Events::ILogManager::DispatchEventBroadcast [0x00007FF751807E83+1296803]
Microsoft::Applications::Events::EventProperty::~EventProperty [0x00007FF7515E25D9+812009]
Microsoft::Applications::Events::EventProperty::~EventProperty [0x00007FF7515DEF54+798052]
Microsoft::Applications::Events::EventProperty::~EventProperty [0x00007FF7515DF04C+798300]
Microsoft::Applications::Events::EventProperty::~EventProperty [0x00007FF7515D5101+757521]
BaseThreadInitThunk [0x00007FFBA4CC26AD+29]
RtlUserThreadStart [0x00007FFBA5BAA9F8+40]

at java.base/jdk.internal.reflect.DirectConstructorHandleAccessor.newInstance(DirectConstructorHandleAccessor.java:67)
at java.base/java.lang.reflect.Constructor.newInstanceWithCaller(Constructor.java:500)
at java.base/java.lang.reflect.Constructor.newInstance(Constructor.java:484)
at org.openqa.selenium.remote.W3CHandshakeResponse.lambda$errorHandler$0(W3CHandshakeResponse.java:62)
at org.openqa.selenium.remote.HandshakeResponse.lambda$getResponseFunction$0(HandshakeResponse.java:30)
at org.openqa.selenium.remote.ProtocolHandshake.lambda$createSession$0(ProtocolHandshake.java:126)
at java.base/java.util.stream.ReferencePipeline$3$1.accept(ReferencePipeline.java:197)
at java.base/java.util.Spliterators$ArraySpliterator.tryAdvance(Spliterators.java:1016)
at java.base/java.util.stream.ReferencePipeline.forEachWithCancel(ReferencePipeline.java:129)
at java.base/java.util.stream.AbstractPipeline.copyIntoWithCancel(AbstractPipeline.java:527)
at java.base/java.util.stream.AbstractPipeline.copyInto(AbstractPipeline.java:513)
at java.base/java.util.stream.AbstractPipeline.wrapAndCopyInto(AbstractPipeline.java:499)
at java.base/java.util.stream.FindOps$FindOp.evaluateSequential(FindOps.java:150)
at java.base/java.util.stream.AbstractPipeline.evaluate(AbstractPipeline.java:234)
at java.base/java.util.stream.ReferencePipeline.findFirst(ReferencePipeline.java:647)
at org.openqa.selenium.remote.ProtocolHandshake.createSession(ProtocolHandshake.java:128)
at org.openqa.selenium.remote.ProtocolHandshake.createSession(ProtocolHandshake.java:74)
at org.openqa.selenium.remote.HttpCommandExecutor.execute(HttpCommandExecutor.java:136)
at org.openqa.selenium.remote.service.DriverCommandExecutor.execute(DriverCommandExecutor.java:83)
at org.openqa.selenium.remote.RemoteWebDriver.execute(RemoteWebDriver.java:552)
at org.openqa.selenium.remote.RemoteWebDriver.startSession(RemoteWebDriver.java:213)
at org.openqa.selenium.remote.RemoteWebDriver.<init>(RemoteWebDriver.java:131)
at org.openqa.selenium.edge.EdgeDriver.<init>(EdgeDriver.java:141)
at org.openqa.selenium.edge.EdgeDriver.<init>(EdgeDriver.java:96)
at com.qa.testBase.TestBase.setUp(TestBase.java:45)
at java.base/jdk.internal.reflect.DirectMethodHandleAccessor.invoke(DirectMethodHandleAccessor.java:104)
at java.base/java.lang.reflect.Method.invoke(Method.java:578)
at org.testng.internal.MethodInvocationHelper.invokeMethod(MethodInvocationHelper.java:133)
at org.testng.internal.MethodInvocationHelper.invokeMethodConsideringTimeout(MethodInvocationHelper.java:62)
at org.testng.internal.ConfigInvoker.invokeConfigurationMethod(ConfigInvoker.java:385)
at org.testng.internal.ConfigInvoker.invokeConfigurations(ConfigInvoker.java:321)
at org.testng.internal.TestInvoker.runConfigMethods(TestInvoker.java:700)
at org.testng.internal.TestInvoker.invokeMethod(TestInvoker.java:527)
at org.testng.internal.TestInvoker.invokeTestMethod(TestInvoker.java:173)
at org.testng.internal.MethodRunner.runInSequence(MethodRunner.java:46)
at org.testng.internal.TestInvoker$MethodInvocationAgent.invoke(TestInvoker.java:824)
at org.testng.internal.TestInvoker.invokeTestMethods(TestInvoker.java:146)
at org.testng.internal.TestMethodWorker.invokeTestMethods(TestMethodWorker.java:146)
at org.testng.internal.TestMethodWorker.run(TestMethodWorker.java:128)
at java.base/java.util.ArrayList.forEach(ArrayList.java:1511)
at org.testng.TestRunner.privateRun(TestRunner.java:794)
at org.testng.TestRunner.run(TestRunner.java:596)
at org.testng.SuiteRunner.runTest(SuiteRunner.java:377)
at org.testng.SuiteRunner.runSequentially(SuiteRunner.java:371)
at org.testng.SuiteRunner.privateRun(SuiteRunner.java:332)
at org.testng.SuiteRunner.run(SuiteRunner.java:276)
at org.testng.SuiteRunnerWorker.runSuite(SuiteRunnerWorker.java:53)
at org.testng.SuiteRunnerWorker.run(SuiteRunnerWorker.java:96)
at org.testng.TestNG.runSuitesSequentially(TestNG.java:1212)
at org.testng.TestNG.runSuitesLocally(TestNG.java:1134)
at org.testng.TestNG.runSuites(TestNG.java:1063)
at org.testng.TestNG.run(TestNG.java:1031)
at org.testng.remote.AbstractRemoteTestNG.run(AbstractRemoteTestNG.java:115)
at org.testng.remote.RemoteTestNG.initAndRun(RemoteTestNG.java:251)
at org.testng.remote.RemoteTestNG.main(RemoteTestNG.java:77)
]]>
            </full-stacktrace>
          </exception> <!-- org.openqa.selenium.WebDriverException -->
          <reporter-output>
          </reporter-output>
        </test-method> <!-- setUp -->
        <test-method signature="verifyEnterPasswordFunctionality()[pri:0, instance:com.qa.testLayer.SignInPageEnterPasswordTest@16ec5519]" started-at="2023-06-06T14:30:09 IST" name="verifyEnterPasswordFunctionality" finished-at="2023-06-06T14:30:09 IST" duration-ms="0" status="SKIP">
          <exception class="org.openqa.selenium.WebDriverException">
            <message>
              <![CDATA[unknown error: Microsoft Edge failed to start: exited normally.
  (unknown error: DevToolsActivePort file doesn't exist)
  (The process started from msedge location C:\Program Files (x86)\Microsoft\Edge\Application\msedge.exe is no longer running, so msedgedriver is assuming that msedge has crashed.)
Build info: version: '3.141.59', revision: 'e82be7d358', time: '2018-11-14T08:17:03'
System info: host: 'LAPTOP-71LTR7MS', ip: '192.168.168.137', os.name: 'Windows 11', os.arch: 'amd64', os.version: '10.0', java.version: '19.0.1'
Driver info: driver.version: EdgeDriver
remote stacktrace: Backtrace:
GetHandleVerifier [0x00007FF751644B22+67490]
Microsoft::Applications::Events::EventProperty::~EventProperty [0x00007FF7515DB292+782498]
(No symbol) [0x00007FF75137C646]
(No symbol) [0x00007FF7513AA5A1]
(No symbol) [0x00007FF7513A5941]
(No symbol) [0x00007FF7513E5A35]
(No symbol) [0x00007FF7513DDD23]
(No symbol) [0x00007FF7513B2794]
(No symbol) [0x00007FF7513B19B0]
(No symbol) [0x00007FF7513B2F04]
Microsoft::Applications::Events::ILogManager::DispatchEventBroadcast [0x00007FF751809123+1301571]
(No symbol) [0x00007FF75143B951]
Microsoft::Applications::Events::EventProperty::~EventProperty [0x00007FF7515246B1+33985]
Microsoft::Applications::Events::EventProperty::~EventProperty [0x00007FF75151CAE5+2293]
Microsoft::Applications::Events::ILogManager::DispatchEventBroadcast [0x00007FF751807E83+1296803]
Microsoft::Applications::Events::EventProperty::~EventProperty [0x00007FF7515E25D9+812009]
Microsoft::Applications::Events::EventProperty::~EventProperty [0x00007FF7515DEF54+798052]
Microsoft::Applications::Events::EventProperty::~EventProperty [0x00007FF7515DF04C+798300]
Microsoft::Applications::Events::EventProperty::~EventProperty [0x00007FF7515D5101+757521]
BaseThreadInitThunk [0x00007FFBA4CC26AD+29]
RtlUserThreadStart [0x00007FFBA5BAA9F8+40]
]]>
            </message>
            <full-stacktrace>
              <![CDATA[org.openqa.selenium.WebDriverException: unknown error: Microsoft Edge failed to start: exited normally.
  (unknown error: DevToolsActivePort file doesn't exist)
  (The process started from msedge location C:\Program Files (x86)\Microsoft\Edge\Application\msedge.exe is no longer running, so msedgedriver is assuming that msedge has crashed.)
Build info: version: '3.141.59', revision: 'e82be7d358', time: '2018-11-14T08:17:03'
System info: host: 'LAPTOP-71LTR7MS', ip: '192.168.168.137', os.name: 'Windows 11', os.arch: 'amd64', os.version: '10.0', java.version: '19.0.1'
Driver info: driver.version: EdgeDriver
remote stacktrace: Backtrace:
GetHandleVerifier [0x00007FF751644B22+67490]
Microsoft::Applications::Events::EventProperty::~EventProperty [0x00007FF7515DB292+782498]
(No symbol) [0x00007FF75137C646]
(No symbol) [0x00007FF7513AA5A1]
(No symbol) [0x00007FF7513A5941]
(No symbol) [0x00007FF7513E5A35]
(No symbol) [0x00007FF7513DDD23]
(No symbol) [0x00007FF7513B2794]
(No symbol) [0x00007FF7513B19B0]
(No symbol) [0x00007FF7513B2F04]
Microsoft::Applications::Events::ILogManager::DispatchEventBroadcast [0x00007FF751809123+1301571]
(No symbol) [0x00007FF75143B951]
Microsoft::Applications::Events::EventProperty::~EventProperty [0x00007FF7515246B1+33985]
Microsoft::Applications::Events::EventProperty::~EventProperty [0x00007FF75151CAE5+2293]
Microsoft::Applications::Events::ILogManager::DispatchEventBroadcast [0x00007FF751807E83+1296803]
Microsoft::Applications::Events::EventProperty::~EventProperty [0x00007FF7515E25D9+812009]
Microsoft::Applications::Events::EventProperty::~EventProperty [0x00007FF7515DEF54+798052]
Microsoft::Applications::Events::EventProperty::~EventProperty [0x00007FF7515DF04C+798300]
Microsoft::Applications::Events::EventProperty::~EventProperty [0x00007FF7515D5101+757521]
BaseThreadInitThunk [0x00007FFBA4CC26AD+29]
RtlUserThreadStart [0x00007FFBA5BAA9F8+40]

at java.base/jdk.internal.reflect.DirectConstructorHandleAccessor.newInstance(DirectConstructorHandleAccessor.java:67)
at java.base/java.lang.reflect.Constructor.newInstanceWithCaller(Constructor.java:500)
at java.base/java.lang.reflect.Constructor.newInstance(Constructor.java:484)
at org.openqa.selenium.remote.W3CHandshakeResponse.lambda$errorHandler$0(W3CHandshakeResponse.java:62)
at org.openqa.selenium.remote.HandshakeResponse.lambda$getResponseFunction$0(HandshakeResponse.java:30)
at org.openqa.selenium.remote.ProtocolHandshake.lambda$createSession$0(ProtocolHandshake.java:126)
at java.base/java.util.stream.ReferencePipeline$3$1.accept(ReferencePipeline.java:197)
at java.base/java.util.Spliterators$ArraySpliterator.tryAdvance(Spliterators.java:1016)
at java.base/java.util.stream.ReferencePipeline.forEachWithCancel(ReferencePipeline.java:129)
at java.base/java.util.stream.AbstractPipeline.copyIntoWithCancel(AbstractPipeline.java:527)
at java.base/java.util.stream.AbstractPipeline.copyInto(AbstractPipeline.java:513)
at java.base/java.util.stream.AbstractPipeline.wrapAndCopyInto(AbstractPipeline.java:499)
at java.base/java.util.stream.FindOps$FindOp.evaluateSequential(FindOps.java:150)
at java.base/java.util.stream.AbstractPipeline.evaluate(AbstractPipeline.java:234)
at java.base/java.util.stream.ReferencePipeline.findFirst(ReferencePipeline.java:647)
at org.openqa.selenium.remote.ProtocolHandshake.createSession(ProtocolHandshake.java:128)
at org.openqa.selenium.remote.ProtocolHandshake.createSession(ProtocolHandshake.java:74)
at org.openqa.selenium.remote.HttpCommandExecutor.execute(HttpCommandExecutor.java:136)
at org.openqa.selenium.remote.service.DriverCommandExecutor.execute(DriverCommandExecutor.java:83)
at org.openqa.selenium.remote.RemoteWebDriver.execute(RemoteWebDriver.java:552)
at org.openqa.selenium.remote.RemoteWebDriver.startSession(RemoteWebDriver.java:213)
at org.openqa.selenium.remote.RemoteWebDriver.<init>(RemoteWebDriver.java:131)
at org.openqa.selenium.edge.EdgeDriver.<init>(EdgeDriver.java:141)
at org.openqa.selenium.edge.EdgeDriver.<init>(EdgeDriver.java:96)
at com.qa.testBase.TestBase.setUp(TestBase.java:45)
at java.base/jdk.internal.reflect.DirectMethodHandleAccessor.invoke(DirectMethodHandleAccessor.java:104)
at java.base/java.lang.reflect.Method.invoke(Method.java:578)
at org.testng.internal.MethodInvocationHelper.invokeMethod(MethodInvocationHelper.java:133)
at org.testng.internal.MethodInvocationHelper.invokeMethodConsideringTimeout(MethodInvocationHelper.java:62)
at org.testng.internal.ConfigInvoker.invokeConfigurationMethod(ConfigInvoker.java:385)
at org.testng.internal.ConfigInvoker.invokeConfigurations(ConfigInvoker.java:321)
at org.testng.internal.TestInvoker.runConfigMethods(TestInvoker.java:700)
at org.testng.internal.TestInvoker.invokeMethod(TestInvoker.java:527)
at org.testng.internal.TestInvoker.invokeTestMethod(TestInvoker.java:173)
at org.testng.internal.MethodRunner.runInSequence(MethodRunner.java:46)
at org.testng.internal.TestInvoker$MethodInvocationAgent.invoke(TestInvoker.java:824)
at org.testng.internal.TestInvoker.invokeTestMethods(TestInvoker.java:146)
at org.testng.internal.TestMethodWorker.invokeTestMethods(TestMethodWorker.java:146)
at org.testng.internal.TestMethodWorker.run(TestMethodWorker.java:128)
at java.base/java.util.ArrayList.forEach(ArrayList.java:1511)
at org.testng.TestRunner.privateRun(TestRunner.java:794)
at org.testng.TestRunner.run(TestRunner.java:596)
at org.testng.SuiteRunner.runTest(SuiteRunner.java:377)
at org.testng.SuiteRunner.runSequentially(SuiteRunner.java:371)
at org.testng.SuiteRunner.privateRun(SuiteRunner.java:332)
at org.testng.SuiteRunner.run(SuiteRunner.java:276)
at org.testng.SuiteRunnerWorker.runSuite(SuiteRunnerWorker.java:53)
at org.testng.SuiteRunnerWorker.run(SuiteRunnerWorker.java:96)
at org.testng.TestNG.runSuitesSequentially(TestNG.java:1212)
at org.testng.TestNG.runSuitesLocally(TestNG.java:1134)
at org.testng.TestNG.runSuites(TestNG.java:1063)
at org.testng.TestNG.run(TestNG.java:1031)
at org.testng.remote.AbstractRemoteTestNG.run(AbstractRemoteTestNG.java:115)
at org.testng.remote.RemoteTestNG.initAndRun(RemoteTestNG.java:251)
at org.testng.remote.RemoteTestNG.main(RemoteTestNG.java:77)
]]>
            </full-stacktrace>
          </exception> <!-- org.openqa.selenium.WebDriverException -->
          <reporter-output>
          </reporter-output>
        </test-method> <!-- verifyEnterPasswordFunctionality -->
        <test-method is-config="true" signature="tearDown()[pri:0, instance:com.qa.testLayer.SignInPageEnterPasswordTest@16ec5519]" started-at="2023-06-06T14:30:09 IST" name="tearDown" finished-at="1970-01-01T05:30:00 IST" duration-ms="-1686042009695" status="SKIP">
          <reporter-output>
          </reporter-output>
        </test-method> <!-- tearDown -->
        <test-method is-config="true" signature="loggerEnd()[pri:0, instance:com.qa.testLayer.SignInPageEnterPasswordTest@16ec5519]" started-at="2023-06-06T14:30:09 IST" name="loggerEnd" finished-at="1970-01-01T05:30:00 IST" duration-ms="-1686042009698" status="SKIP">
          <reporter-output>
          </reporter-output>
        </test-method> <!-- loggerEnd -->
      </class> <!-- com.qa.testLayer.SignInPageEnterPasswordTest -->
    </test> <!-- Default test -->
  </suite> <!-- Default suite -->
</testng-results>
